0 info it worked if it ends with ok
1 verbose cli [ '/Users/peter/.nvm/versions/node/v7.7.2/bin/node',
1 verbose cli   '/Users/peter/.nvm/versions/node/v7.7.2/bin/npm',
1 verbose cli   'run',
1 verbose cli   'start' ]
2 info using npm@4.1.2
3 info using node@v7.7.2
4 verbose run-script [ 'prestart', 'start', 'poststart' ]
5 info lifecycle exnet-node@1.0.0~prestart: exnet-node@1.0.0
6 silly lifecycle exnet-node@1.0.0~prestart: no script for prestart, continuing
7 info lifecycle exnet-node@1.0.0~start: exnet-node@1.0.0
8 verbose lifecycle exnet-node@1.0.0~start: unsafe-perm in lifecycle true
9 verbose lifecycle exnet-node@1.0.0~start: PATH: /Users/peter/.nvm/versions/node/v7.7.2/lib/node_modules/npm/bin/node-gyp-bin:/Users/peter/Desktop/workspace/exnet-node/node_modules/.bin:/Users/peter/.sdkman/candidates/gradle/current/bin:/Users/peter/.nvm/versions/node/v7.7.2/bin:/opt/local/bin:/opt/local/sbin:/opt/local/bin:/opt/local/sbin:/Users/peter/Desktop/workspace/Tools/gradle-1.11/bin:/Users/peter/pear/bin:/opt/local/Library/Frameworks/Python.framework/Versions/2.7/bin:/usr/bin:/bin:/usr/sbin:/sbin:/usr/local/bin:/opt/X11/bin:/usr/local/share/dotnet:/usr/local/go/bin:/Applications/Wireshark.app/Contents/MacOS:/Users/peter/Desktop/workspace/Tools/apache-maven-3.3.3/bin:/Users/peter/Desktop/Tools/adt-bundle-mac-x86_64-20131030/sdk/platform-tools:/Users/peter/Desktop/Tools/adt-bundle-mac-x86_64-20131030/sdk/tools
10 verbose lifecycle exnet-node@1.0.0~start: CWD: /Users/peter/Desktop/workspace/exnet-node
11 silly lifecycle exnet-node@1.0.0~start: Args: [ '-c', 'HTTP_PROXY=http://127.0.0.1:1087 node index.js' ]
12 silly lifecycle exnet-node@1.0.0~start: Returned: code: 1  signal: null
13 info lifecycle exnet-node@1.0.0~start: Failed to exec start script
14 verbose stack Error: exnet-node@1.0.0 start: `HTTP_PROXY=http://127.0.0.1:1087 node index.js`
14 verbose stack Exit status 1
14 verbose stack     at EventEmitter.<anonymous> (/Users/peter/.nvm/versions/node/v7.7.2/lib/node_modules/npm/lib/utils/lifecycle.js:279:16)
14 verbose stack     at emitTwo (events.js:106:13)
14 verbose stack     at EventEmitter.emit (events.js:194:7)
14 verbose stack     at ChildProcess.<anonymous> (/Users/peter/.nvm/versions/node/v7.7.2/lib/node_modules/npm/lib/utils/spawn.js:40:14)
14 verbose stack     at emitTwo (events.js:106:13)
14 verbose stack     at ChildProcess.emit (events.js:194:7)
14 verbose stack     at maybeClose (internal/child_process.js:899:16)
14 verbose stack     at Process.ChildProcess._handle.onexit (internal/child_process.js:226:5)
15 verbose pkgid exnet-node@1.0.0
16 verbose cwd /Users/peter/Desktop/workspace/exnet-node
17 error Darwin 16.7.0
18 error argv "/Users/peter/.nvm/versions/node/v7.7.2/bin/node" "/Users/peter/.nvm/versions/node/v7.7.2/bin/npm" "run" "start"
19 error node v7.7.2
20 error npm  v4.1.2
21 error code ELIFECYCLE
22 error exnet-node@1.0.0 start: `HTTP_PROXY=http://127.0.0.1:1087 node index.js`
22 error Exit status 1
23 error Failed at the exnet-node@1.0.0 start script 'HTTP_PROXY=http://127.0.0.1:1087 node index.js'.
23 error Make sure you have the latest version of node.js and npm installed.
23 error If you do, this is most likely a problem with the exnet-node package,
23 error not with npm itself.
23 error Tell the author that this fails on your system:
23 error     HTTP_PROXY=http://127.0.0.1:1087 node index.js
23 error You can get information on how to open an issue for this project with:
23 error     npm bugs exnet-node
23 error Or if that isn't available, you can get their info via:
23 error     npm owner ls exnet-node
23 error There is likely additional logging output above.
24 verbose exit [ 1, true ]
